<createAccount>216656839.txt,<type>C,<time>Tue Nov 11 08:49:59 2025
<deleteAccount>216656839.txt<time>Tue Nov 11 08:50:28 2025
<createAccount>557995173.txt,<type>S,<time>Tue Nov 11 09:01:56 2025
<depositAccount>557995173.txt<amount>1001.00<time>Tue Nov 11 09:04:55 2025
<depositAccount>557995173.txt<amount>897.91<time>Tue Nov 11 09:05:19 2025
<createAccount>179785584.txt,<type>C,<time>Tue Nov 11 09:08:28 2025
<depositAccount>179785584.txt<amount>5.00<time>Tue Nov 11 09:09:42 2025
<depositAccount>179785584.txt<amount>1.20<time>Tue Nov 11 09:09:55 2025
<createAccount>958610716.txt,<type>C,<time>Tue Nov 11 10:07:18 2025
<depositAccount>958610716.txt<amount>100.00<time>Tue Nov 11 10:12:52 2025
<depositAccount>958610716.txt<amount>10.99<time>Tue Nov 11 10:13:12 2025
<withdrawAccount>958610716.txt<amount>100.00<time>Tue Nov 11 10:14:08 2025
<withdrawAccount>557995173.txt<amount>100.00<time>Tue Nov 11 10:15:36 2025
<depositAccount>557995173.txt<amount>1000.99<time>Tue Nov 11 10:16:03 2025
<depositAccount>958610716.txt<amount>555.02<time>Tue Nov 11 10:17:30 2025
<deleteAccount>958610716.txt<time>Tue Nov 11 10:20:30 2025
<depositAccount>557995173.txt<amount>2.40<time>Tue Nov 11 10:36:19 2025
<depositAccount>557995173.txt<amount>2.84<time>Tue Nov 11 10:37:13 2025
<createAccount>316593800.txt,<type>S,<time>Tue Nov 11 10:41:16 2025
<createAccount>561609600.txt,<type>S,<time>Tue Nov 11 11:54:32 2025
<depositAccount>561609600.txt<amount>456.00<time>Tue Nov 11 11:56:22 2025
<createAccount>691007924.txt,<type>C,<time>Tue Nov 11 11:59:41 2025
<createAccount>616043541.txt,<type>S,<time>Mon Nov 24 20:35:14 2025
<createAccount>300591011.txt,<type>S,<time>Mon Nov 24 20:35:33 2025
<createAccount>818902325.txt,<type>C,<time>Mon Nov 24 20:35:57 2025
<createAccount>531401150.txt,<type>C,<time>Mon Nov 24 20:36:31 2025
<createAccount>43835024.txt,<type>C,<time>Mon Nov 24 20:36:59 2025
<createAccount>3764993.txt,<type>C,<time>Mon Nov 24 20:37:19 2025
<createAccount>836002203.txt,<type>S,<time>Tue Nov 25 04:18:35 2025
<createAccount>689083300.txt,<type>C,<time>Tue Nov 25 04:19:28 2025
<deleteAccount>300591011.txt<time>Tue Nov 25 04:25:58 2025
<depositAccount>691007924.txt<amount>999.00<time>Tue Nov 25 04:33:31 2025
<depositAccount>691007924.txt<amount>100.00<time>Tue Nov 25 04:33:39 2025
<createAccount>412152791.txt,<type>C,<time>Tue Nov 25 04:35:13 2025
<withdrawAccount>179785584.txt<amount>10.00<time>Tue Nov 25 04:36:55 2025
<deleteAccount>412152791.txt<time>Sun Dec  7 14:52:22 2025
